# JRE version: OpenJDK Runtime Environment (8.0_152-b01) (build 1.8.0_152-release-884-b01)
# Java VM: OpenJDK 64-Bit Server VM (25.152-b01 mixed mode windows-amd64 compressed oops)
Heap:
 PSYoungGen      total 351744K, used 82621K [0x00000000e0000000, 0x00000000f9200000, 0x0000000100000000)
  eden space 313856K, 20% used [0x00000000e0000000,0x00000000e3e11a48,0x00000000f3280000)
  from space 37888K, 50% used [0x00000000f3280000,0x00000000f451db08,0x00000000f5780000)
  to   space 41472K, 0% used [0x00000000f6980000,0x00000000f6980000,0x00000000f9200000)
 ParOldGen       total 203264K, used 80623K [0x00000000a0000000, 0x00000000ac680000, 0x00000000e0000000)
  object space 203264K, 39% used [0x00000000a0000000,0x00000000a4ebbf80,0x00000000ac680000)
 Metaspace       used 89371K, capacity 99098K, committed 99276K, reserved 1134592K
  class space    used 11618K, capacity 13972K, committed 14068K, reserved 1048576K
GC Heap History (10 events):
Event: 1176.047 GC heap before
{Heap before GC invocations=27 (full 3):
 PSYoungGen      total 343040K, used 229792K [0x00000000e0000000, 0x00000000f8b00000, 0x0000000100000000)
  eden space 322560K, 64% used [0x00000000e0000000,0x00000000ecc8d5b0,0x00000000f3b00000)
  from space 20480K, 99% used [0x00000000f5180000,0x00000000f655ad80,0x00000000f6580000)
  to   space 38400K, 0% used [0x00000000f6580000,0x00000000f6580000,0x00000000f8b00000)
 ParOldGen       total 137216K, used 74087K [0x00000000a0000000, 0x00000000a8600000, 0x00000000e0000000)
  object space 137216K, 53% used [0x00000000a0000000,0x00000000a4859e98,0x00000000a8600000)
 Metaspace       used 88833K, capacity 98276K, committed 98380K, reserved 1134592K
  class space    used 11599K, capacity 13838K, committed 13940K, reserved 1048576K
Event: 1176.068 GC heap after
Heap after GC invocations=27 (full 3):
 PSYoungGen      total 333312K, used 23041K [0x00000000e0000000, 0x00000000f7c80000, 0x0000000100000000)
  eden space 309760K, 0% used [0x00000000e0000000,0x00000000e0000000,0x00000000f2e80000)
  from space 23552K, 97% used [0x00000000f6580000,0x00000000f7c005a0,0x00000000f7c80000)
  to   space 37888K, 0% used [0x00000000f3280000,0x00000000f3280000,0x00000000f5780000)
 ParOldGen       total 137216K, used 74095K [0x00000000a0000000, 0x00000000a8600000, 0x00000000e0000000)
  object space 137216K, 53% used [0x00000000a0000000,0x00000000a485be98,0x00000000a8600000)
 Metaspace       used 88833K, capacity 98276K, committed 98380K, reserved 1134592K
  class space    used 11599K, capacity 13838K, committed 13940K, reserved 1048576K
}
Event: 1176.068 GC heap before
{Heap before GC invocations=28 (full 4):
 PSYoungGen      total 333312K, used 23041K [0x00000000e0000000, 0x00000000f7c80000, 0x0000000100000000)
  eden space 309760K, 0% used [0x00000000e0000000,0x00000000e0000000,0x00000000f2e80000)
  from space 23552K, 97% used [0x00000000f6580000,0x00000000f7c005a0,0x00000000f7c80000)
  to   space 37888K, 0% used [0x00000000f3280000,0x00000000f3280000,0x00000000f5780000)
 ParOldGen       total 137216K, used 74095K [0x00000000a0000000, 0x00000000a8600000, 0x00000000e0000000)
  object space 137216K, 53% used [0x00000000a0000000,0x00000000a485be98,0x00000000a8600000)
 Metaspace       used 88833K, capacity 98276K, committed 98380K, reserved 1134592K
  class space    used 11599K, capacity 13838K, committed 13940K, reserved 1048576K
Event: 1176.415 GC heap after
Heap after GC invocations=28 (full 4):
 PSYoungGen      total 333312K, used 0K [0x00000000e0000000, 0x00000000f7c80000, 0x0000000100000000)
  eden space 309760K, 0% used [0x00000000e0000000,0x00000000e0000000,0x00000000f2e80000)
  from space 23552K, 0% used [0x00000000f6580000,0x00000000f6580000,0x00000000f7c80000)
  to   space 37888K, 0% used [0x00000000f3280000,0x00000000f3280000,0x00000000f5780000)
 ParOldGen       total 203264K, used 80607K [0x00000000a0000000, 0x00000000ac680000, 0x00000000e0000000)
  object space 203264K, 39% used [0x00000000a0000000,0x00000000a4eb7f80,0x00000000ac680000)
 Metaspace       used 88739K, capacity 98028K, committed 98380K, reserved 1134592K
  class space    used 11566K, capacity 13776K, committed 13940K, reserved 1048576K
}
Event: 1394.647 GC heap before
{Heap before GC invocations=29 (full 4):
 PSYoungGen      total 333312K, used 309760K [0x00000000e0000000, 0x00000000f7c80000, 0x0000000100000000)
  eden space 309760K, 100% used [0x00000000e0000000,0x00000000f2e80000,0x00000000f2e80000)
  from space 23552K, 0% used [0x00000000f6580000,0x00000000f6580000,0x00000000f7c80000)
  to   space 37888K, 0% used [0x00000000f3280000,0x00000000f3280000,0x00000000f5780000)
 ParOldGen       total 203264K, used 80607K [0x00000000a0000000, 0x00000000ac680000, 0x00000000e0000000)
  object space 203264K, 39% used [0x00000000a0000000,0x00000000a4eb7f80,0x00000000ac680000)
 Metaspace       used 89002K, capacity 98648K, committed 99020K, reserved 1134592K
  class space    used 11605K, capacity 13931K, committed 14068K, reserved 1048576K
Event: 1394.655 GC heap after
Heap after GC invocations=29 (full 4):
 PSYoungGen      total 351744K, used 8721K [0x00000000e0000000, 0x00000000f8080000, 0x0000000100000000)
  eden space 313856K, 0% used [0x00000000e0000000,0x00000000e0000000,0x00000000f3280000)
  from space 37888K, 23% used [0x00000000f3280000,0x00000000f3b046e8,0x00000000f5780000)
  to   space 38400K, 0% used [0x00000000f5b00000,0x00000000f5b00000,0x00000000f8080000)
 ParOldGen       total 203264K, used 80615K [0x00000000a0000000, 0x00000000ac680000, 0x00000000e0000000)
  object space 203264K, 39% used [0x00000000a0000000,0x00000000a4eb9f80,0x00000000ac680000)
 Metaspace       used 89002K, capacity 98648K, committed 99020K, reserved 1134592K
  class space    used 11605K, capacity 13931K, committed 14068K, reserved 1048576K
}
Event: 1399.268 GC heap before
{Heap before GC invocations=30 (full 4):
 PSYoungGen      total 351744K, used 322577K [0x00000000e0000000, 0x00000000f8080000, 0x0000000100000000)
  eden space 313856K, 100% used [0x00000000e0000000,0x00000000f3280000,0x00000000f3280000)
  from space 37888K, 23% used [0x00000000f3280000,0x00000000f3b046e8,0x00000000f5780000)
  to   space 38400K, 0% used [0x00000000f5b00000,0x00000000f5b00000,0x00000000f8080000)
 ParOldGen       total 203264K, used 80615K [0x00000000a0000000, 0x00000000ac680000, 0x00000000e0000000)
  object space 203264K, 39% used [0x00000000a0000000,0x00000000a4eb9f80,0x00000000ac680000)
 Metaspace       used 89281K, capacity 98844K, committed 99276K, reserved 1134592K
  class space    used 11606K, capacity 13931K, committed 14068K, reserved 1048576K
Event: 1399.287 GC heap after
Heap after GC invocations=30 (full 4):
 PSYoungGen      total 352256K, used 37628K [0x00000000e0000000, 0x00000000f8080000, 0x0000000100000000)
  eden space 313856K, 0% used [0x00000000e0000000,0x00000000e0000000,0x00000000f3280000)
  from space 38400K, 97% used [0x00000000f5b00000,0x00000000f7fbf260,0x00000000f8080000)
  to   space 37888K, 0% used [0x00000000f3280000,0x00000000f3280000,0x00000000f5780000)
 ParOldGen       total 203264K, used 80623K [0x00000000a0000000, 0x00000000ac680000, 0x00000000e0000000)
  object space 203264K, 39% used [0x00000000a0000000,0x00000000a4ebbf80,0x00000000ac680000)
 Metaspace       used 89281K, capacity 98844K, committed 99276K, reserved 1134592K
  class space    used 11606K, capacity 13931K, committed 14068K, reserved 1048576K
}
Event: 1400.397 GC heap before
{Heap before GC invocations=31 (full 4):
 PSYoungGen      total 352256K, used 351296K [0x00000000e0000000, 0x00000000f8080000, 0x0000000100000000)
  eden space 313856K, 99% used [0x00000000e0000000,0x00000000f32510d0,0x00000000f3280000)
  from space 38400K, 97% used [0x00000000f5b00000,0x00000000f7fbf260,0x00000000f8080000)
  to   space 37888K, 0% used [0x00000000f3280000,0x00000000f3280000,0x00000000f5780000)
 ParOldGen       total 203264K, used 80623K [0x00000000a0000000, 0x00000000ac680000, 0x00000000e0000000)
  object space 203264K, 39% used [0x00000000a0000000,0x00000000a4ebbf80,0x00000000ac680000)
 Metaspace       used 89316K, capacity 98978K, committed 99276K, reserved 1134592K
  class space    used 11607K, capacity 13932K, committed 14068K, reserved 1048576K
Event: 1400.408 GC heap after
Heap after GC invocations=31 (full 4):
 PSYoungGen      total 351744K, used 19062K [0x00000000e0000000, 0x00000000f9200000, 0x0000000100000000)
  eden space 313856K, 0% used [0x00000000e0000000,0x00000000e0000000,0x00000000f3280000)
  from space 37888K, 50% used [0x00000000f3280000,0x00000000f451db08,0x00000000f5780000)
  to   space 41472K, 0% used [0x00000000f6980000,0x00000000f6980000,0x00000000f9200000)
 ParOldGen       total 203264K, used 80623K [0x00000000a0000000, 0x00000000ac680000, 0x00000000e0000000)
  object space 203264K, 39% used [0x00000000a0000000,0x00000000a4ebbf80,0x00000000ac680000)
 Metaspace       used 89316K, capacity 98978K, committed 99276K, reserved 1134592K
  class space    used 11607K, capacity 13932K, committed 14068K, reserved 1048576K
}

