# JRE version: OpenJDK Runtime Environment (8.0_152-b01) (build 1.8.0_152-release-884-b01)
# Java VM: OpenJDK 64-Bit Server VM (25.152-b01 mixed mode windows-amd64 compressed oops)
Heap:
 PSYoungGen      total 246784K, used 147456K [0x00000000e0000000, 0x00000000f0d00000, 0x0000000100000000)
  eden space 226304K, 56% used [0x00000000e0000000,0x00000000e7cef808,0x00000000edd00000)
  from space 20480K, 95% used [0x00000000ef900000,0x00000000f0c10850,0x00000000f0d00000)
  to   space 24576K, 0% used [0x00000000edd00000,0x00000000edd00000,0x00000000ef500000)
 ParOldGen       total 157184K, used 32881K [0x00000000a0000000, 0x00000000a9980000, 0x00000000e0000000)
  object space 157184K, 20% used [0x00000000a0000000,0x00000000a201c5c8,0x00000000a9980000)
 Metaspace       used 69050K, capacity 71628K, committed 71896K, reserved 1112064K
  class space    used 9087K, capacity 9673K, committed 9728K, reserved 1048576K
GC Heap History (10 events):
Event: 7.755 GC heap before
{Heap before GC invocations=9 (full 2):
 PSYoungGen      total 158720K, used 146432K [0x00000000e0000000, 0x00000000ed800000, 0x0000000100000000)
  eden space 146432K, 100% used [0x00000000e0000000,0x00000000e8f00000,0x00000000e8f00000)
  from space 12288K, 0% used [0x00000000e9b00000,0x00000000e9b00000,0x00000000ea700000)
  to   space 12288K, 0% used [0x00000000e8f00000,0x00000000e8f00000,0x00000000e9b00000)
 ParOldGen       total 104448K, used 15734K [0x00000000a0000000, 0x00000000a6600000, 0x00000000e0000000)
  object space 104448K, 15% used [0x00000000a0000000,0x00000000a0f5da30,0x00000000a6600000)
 Metaspace       used 46237K, capacity 47060K, committed 47448K, reserved 1089536K
  class space    used 6161K, capacity 6405K, committed 6528K, reserved 1048576K
Event: 7.769 GC heap after
Heap after GC invocations=9 (full 2):
 PSYoungGen      total 158720K, used 12279K [0x00000000e0000000, 0x00000000ee200000, 0x0000000100000000)
  eden space 146432K, 0% used [0x00000000e0000000,0x00000000e0000000,0x00000000e8f00000)
  from space 12288K, 99% used [0x00000000e8f00000,0x00000000e9afdd80,0x00000000e9b00000)
  to   space 15360K, 0% used [0x00000000ed300000,0x00000000ed300000,0x00000000ee200000)
 ParOldGen       total 104448K, used 18526K [0x00000000a0000000, 0x00000000a6600000, 0x00000000e0000000)
  object space 104448K, 17% used [0x00000000a0000000,0x00000000a1217a28,0x00000000a6600000)
 Metaspace       used 46237K, capacity 47060K, committed 47448K, reserved 1089536K
  class space    used 6161K, capacity 6405K, committed 6528K, reserved 1048576K
}
Event: 9.661 GC heap before
{Heap before GC invocations=10 (full 2):
 PSYoungGen      total 158720K, used 158711K [0x00000000e0000000, 0x00000000ee200000, 0x0000000100000000)
  eden space 146432K, 100% used [0x00000000e0000000,0x00000000e8f00000,0x00000000e8f00000)
  from space 12288K, 99% used [0x00000000e8f00000,0x00000000e9afdd80,0x00000000e9b00000)
  to   space 15360K, 0% used [0x00000000ed300000,0x00000000ed300000,0x00000000ee200000)
 ParOldGen       total 104448K, used 18526K [0x00000000a0000000, 0x00000000a6600000, 0x00000000e0000000)
  object space 104448K, 17% used [0x00000000a0000000,0x00000000a1217a28,0x00000000a6600000)
 Metaspace       used 52972K, capacity 54576K, committed 54616K, reserved 1095680K
  class space    used 7149K, capacity 7523K, committed 7552K, reserved 1048576K
Event: 9.677 GC heap after
Heap after GC invocations=10 (full 2):
 PSYoungGen      total 211456K, used 15353K [0x00000000e0000000, 0x00000000ee880000, 0x0000000100000000)
  eden space 196096K, 0% used [0x00000000e0000000,0x00000000e0000000,0x00000000ebf80000)
  from space 15360K, 99% used [0x00000000ed300000,0x00000000ee1fe728,0x00000000ee200000)
  to   space 19968K, 0% used [0x00000000ebf80000,0x00000000ebf80000,0x00000000ed300000)
 ParOldGen       total 104448K, used 23888K [0x00000000a0000000, 0x00000000a6600000, 0x00000000e0000000)
  object space 104448K, 22% used [0x00000000a0000000,0x00000000a17543f0,0x00000000a6600000)
 Metaspace       used 52972K, capacity 54576K, committed 54616K, reserved 1095680K
  class space    used 7149K, capacity 7523K, committed 7552K, reserved 1048576K
}
Event: 15.415 GC heap before
{Heap before GC invocations=11 (full 2):
 PSYoungGen      total 211456K, used 102763K [0x00000000e0000000, 0x00000000ee880000, 0x0000000100000000)
  eden space 196096K, 44% used [0x00000000e0000000,0x00000000e555c8b0,0x00000000ebf80000)
  from space 15360K, 99% used [0x00000000ed300000,0x00000000ee1fe728,0x00000000ee200000)
  to   space 19968K, 0% used [0x00000000ebf80000,0x00000000ebf80000,0x00000000ed300000)
 ParOldGen       total 104448K, used 23888K [0x00000000a0000000, 0x00000000a6600000, 0x00000000e0000000)
  object space 104448K, 22% used [0x00000000a0000000,0x00000000a17543f0,0x00000000a6600000)
 Metaspace       used 57303K, capacity 58944K, committed 58968K, reserved 1099776K
  class space    used 7679K, capacity 8050K, committed 8064K, reserved 1048576K
Event: 15.431 GC heap after
Heap after GC invocations=11 (full 2):
 PSYoungGen      total 216064K, used 19860K [0x00000000e0000000, 0x00000000f0f00000, 0x0000000100000000)
  eden space 196096K, 0% used [0x00000000e0000000,0x00000000e0000000,0x00000000ebf80000)
  from space 19968K, 99% used [0x00000000ebf80000,0x00000000ed2e5328,0x00000000ed300000)
  to   space 22528K, 0% used [0x00000000ef900000,0x00000000ef900000,0x00000000f0f00000)
 ParOldGen       total 104448K, used 23896K [0x00000000a0000000, 0x00000000a6600000, 0x00000000e0000000)
  object space 104448K, 22% used [0x00000000a0000000,0x00000000a17563f0,0x00000000a6600000)
 Metaspace       used 57303K, capacity 58944K, committed 58968K, reserved 1099776K
  class space    used 7679K, capacity 8050K, committed 8064K, reserved 1048576K
}
Event: 15.431 GC heap before
{Heap before GC invocations=12 (full 3):
 PSYoungGen      total 216064K, used 19860K [0x00000000e0000000, 0x00000000f0f00000, 0x0000000100000000)
  eden space 196096K, 0% used [0x00000000e0000000,0x00000000e0000000,0x00000000ebf80000)
  from space 19968K, 99% used [0x00000000ebf80000,0x00000000ed2e5328,0x00000000ed300000)
  to   space 22528K, 0% used [0x00000000ef900000,0x00000000ef900000,0x00000000f0f00000)
 ParOldGen       total 104448K, used 23896K [0x00000000a0000000, 0x00000000a6600000, 0x00000000e0000000)
  object space 104448K, 22% used [0x00000000a0000000,0x00000000a17563f0,0x00000000a6600000)
 Metaspace       used 57303K, capacity 58944K, committed 58968K, reserved 1099776K
  class space    used 7679K, capacity 8050K, committed 8064K, reserved 1048576K
Event: 15.658 GC heap after
Heap after GC invocations=12 (full 3):
 PSYoungGen      total 216064K, used 0K [0x00000000e0000000, 0x00000000f0f00000, 0x0000000100000000)
  eden space 196096K, 0% used [0x00000000e0000000,0x00000000e0000000,0x00000000ebf80000)
  from space 19968K, 0% used [0x00000000ebf80000,0x00000000ebf80000,0x00000000ed300000)
  to   space 22528K, 0% used [0x00000000ef900000,0x00000000ef900000,0x00000000f0f00000)
 ParOldGen       total 157184K, used 32873K [0x00000000a0000000, 0x00000000a9980000, 0x00000000e0000000)
  object space 157184K, 20% used [0x00000000a0000000,0x00000000a201a5c8,0x00000000a9980000)
 Metaspace       used 57303K, capacity 58944K, committed 58968K, reserved 1099776K
  class space    used 7679K, capacity 8050K, committed 8064K, reserved 1048576K
}
Event: 26.197 GC heap before
{Heap before GC invocations=13 (full 3):
 PSYoungGen      total 216064K, used 196096K [0x00000000e0000000, 0x00000000f0f00000, 0x0000000100000000)
  eden space 196096K, 100% used [0x00000000e0000000,0x00000000ebf80000,0x00000000ebf80000)
  from space 19968K, 0% used [0x00000000ebf80000,0x00000000ebf80000,0x00000000ed300000)
  to   space 22528K, 0% used [0x00000000ef900000,0x00000000ef900000,0x00000000f0f00000)
 ParOldGen       total 157184K, used 32873K [0x00000000a0000000, 0x00000000a9980000, 0x00000000e0000000)
  object space 157184K, 20% used [0x00000000a0000000,0x00000000a201a5c8,0x00000000a9980000)
 Metaspace       used 67381K, capacity 69728K, committed 69848K, reserved 1110016K
  class space    used 8846K, capacity 9405K, committed 9472K, reserved 1048576K
Event: 26.217 GC heap after
Heap after GC invocations=13 (full 3):
 PSYoungGen      total 246784K, used 19522K [0x00000000e0000000, 0x00000000f0d00000, 0x0000000100000000)
  eden space 226304K, 0% used [0x00000000e0000000,0x00000000e0000000,0x00000000edd00000)
  from space 20480K, 95% used [0x00000000ef900000,0x00000000f0c10850,0x00000000f0d00000)
  to   space 24576K, 0% used [0x00000000edd00000,0x00000000edd00000,0x00000000ef500000)
 ParOldGen       total 157184K, used 32881K [0x00000000a0000000, 0x00000000a9980000, 0x00000000e0000000)
  object space 157184K, 20% used [0x00000000a0000000,0x00000000a201c5c8,0x00000000a9980000)
 Metaspace       used 67381K, capacity 69728K, committed 69848K, reserved 1110016K
  class space    used 8846K, capacity 9405K, committed 9472K, reserved 1048576K
}

